[00:01:07] [Server thread/WARN]: eriksen351 moved too quickly! 0.28792439571719797,-10.61202295686212,0.06462293017943921
[00:02:18] [Server thread/WARN]: eriksen351 moved too quickly! -6.946048846311214,2.0013359791121417,7.097117759402067
[00:03:17] [Server thread/INFO]: [Not Secure] <Vicleoon> -301 2
[00:08:49] [Server thread/INFO]: eriksen351 has made the advancement [Take Aim]
[00:09:29] [Server thread/WARN]: eriksen351 moved too quickly! 0.0,-10.505147032368878,0.25949106996156956
[00:11:55] [Server thread/INFO]: eriksen351 burned to death
[00:13:35] [Server thread/INFO]: Vicleoon lost connection: Disconnected
[00:13:35] [Server thread/INFO]: Vicleoon left the game
[00:13:49] [Server thread/INFO]: eriksen351 lost connection: Disconnected
[00:13:49] [Server thread/INFO]: eriksen351 left the game
[00:13:49] [Server thread/INFO]: Kicked eriksen351: Kicked by an operator
[00:13:49] [Server thread/WARN]: handleDisconnection() called twice
[00:13:55] [Server thread/INFO]: eriksen351[/127.66.15.138:51595] logged in with entity id 27643 at (-329.9031038211296, 67.16610926093821, -535.5027941476955)
[00:13:55] [Server thread/INFO]: eriksen351 joined the game
[00:14:00] [Server thread/INFO]: Unknown or incomplete command, see below for error
[00:14:00] [Server thread/INFO]: kieck eriksen351<--[HERE]
[00:14:05] [Server thread/INFO]: Kicked eriksen351: Kicked by an operator
[00:14:05] [Server thread/INFO]: eriksen351 lost connection: Kicked by an operator
[00:14:05] [Server thread/INFO]: eriksen351 left the game
[00:14:09] [Server thread/INFO]: eriksen351[/127.66.15.138:45379] logged in with entity id 28226 at (-329.54726874902434, 62.0, -546.9900929982871)
[00:14:09] [Server thread/INFO]: eriksen351 joined the game
[00:14:24] [Server thread/INFO]: Unknown or incomplete command, see below for error
[00:14:24] [Server thread/INFO]: kikick eriksen351 XD<--[HERE]
[00:14:35] [Server thread/INFO]: Kicked eriksen351: XD
[00:14:35] [Server thread/INFO]: eriksen351 lost connection: XD
[00:14:35] [Server thread/INFO]: eriksen351 left the game
[00:14:39] [Server thread/INFO]: eriksen351[/127.66.15.138:46873] logged in with entity id 28971 at (-330.1151466096703, 66.0, -536.4717880459289)
[00:14:39] [Server thread/INFO]: eriksen351 joined the game
[00:14:48] [Server thread/INFO]: No player was found
[00:14:55] [Server thread/INFO]: Unknown or incomplete command, see below for error
[00:14:55] [Server thread/INFO]: msg a<--[HERE]
[00:15:01] [Server thread/INFO]: Unknown or incomplete command, see below for error
[00:15:01] [Server thread/INFO]: msg aaaaa<--[HERE]
[00:15:05] [Server thread/INFO]: No player was found
[00:15:16] [Server thread/INFO]: You whisper to eriksen351: putoooooooooooooooooooooooooooo
[00:15:25] [Server thread/INFO]: Kicked eriksen351: Kicked by an operator
[00:15:26] [Server thread/INFO]: eriksen351 lost connection: Kicked by an operator
[00:15:26] [Server thread/INFO]: eriksen351 left the game
[00:15:30] [Server thread/INFO]: eriksen351[/127.66.15.138:47313] logged in with entity id 29727 at (-341.08632816259546, 70.0, -513.860876196694)
[00:15:30] [Server thread/INFO]: eriksen351 joined the game
[00:15:48] [Server thread/INFO]: You whisper to eriksen351: jejeje salame
[00:15:55] [Server thread/INFO]: Kicked eriksen351: Kicked by an operator
[00:15:55] [Server thread/INFO]: eriksen351 lost connection: Kicked by an operator
[00:15:55] [Server thread/INFO]: eriksen351 left the game
[00:16:00] [Server thread/INFO]: eriksen351[/127.66.15.138:42707] logged in with entity id 30395 at (-349.7221122962625, 70.0, -526.4926100600254)
[00:16:00] [Server thread/INFO]: eriksen351 joined the game
[00:16:15] [Server thread/WARN]: eriksen351 moved too quickly! 6.996993594275239,1.7150326858829743,6.98796255150728
[00:16:26] [Server thread/INFO]: eriksen351 lost connection: Disconnected
[00:16:26] [Server thread/INFO]: eriksen351 left the game
